<?xml version="1.0" encoding="UTF-8"?>
<!-- Generated by org.testng.reporters.JUnitReportReporter -->
<testsuite hostname="anujchauhan" name="TestCases.LoginNG" tests="5" failures="0" timestamp="26 Sep 2016 04:35:57 GMT" time="48.589" errors="0">
  <testcase name="blankpwd" time="9.293" classname="TestCases.LoginNG"/>
  <testcase name="blankemail" time="9.522" classname="TestCases.LoginNG"/>
  <testcase name="invalidpwd" time="9.481" classname="TestCases.LoginNG"/>
  <testcase name="invalidemail" time="9.275" classname="TestCases.LoginNG"/>
  <testcase name="testLogin" time="11.018" classname="TestCases.LoginNG"/>
</testsuite> <!-- TestCases.LoginNG -->
