<?xml version="1.0" encoding="UTF-8"?>
<!-- Generated by org.testng.reporters.JUnitReportReporter -->
<testsuite hostname="anujchauhan" name="TestCases.NewTest_Login" tests="1" failures="0" timestamp="25 Jun 2016 10:25:55 GMT" time="10.486" errors="0">
  <testcase name="testLogin" time="10.486" classname="TestCases.NewTest_Login"/>
</testsuite> <!-- TestCases.NewTest_Login -->
