<?xml version="1.0" encoding="UTF-8"?>
<!-- Generated by org.testng.reporters.JUnitReportReporter -->
<testsuite hostname="anujchauhan" name="TestCases.SignupNG" tests="15" failures="0" timestamp="6 Oct 2016 06:23:06 GMT" time="174.828" errors="0">
  <testcase name="blanksecondname" time="10.510" classname="TestCases.SignupNG"/>
  <testcase name="timezone" time="11.266" classname="TestCases.SignupNG"/>
  <testcase name="signup" time="12.802" classname="TestCases.SignupNG"/>
  <testcase name="blankFirstname" time="10.868" classname="TestCases.SignupNG"/>
  <testcase name="blankpwd" time="10.941" classname="TestCases.SignupNG"/>
  <testcase name="invalidemail" time="13.216" classname="TestCases.SignupNG"/>
  <testcase name="invalidvalues" time="10.977" classname="TestCases.SignupNG"/>
  <testcase name="blankfields" time="11.902" classname="TestCases.SignupNG"/>
  <testcase name="invalidpwdformat" time="12.107" classname="TestCases.SignupNG"/>
  <testcase name="invalidpwd" time="11.401" classname="TestCases.SignupNG"/>
  <testcase name="invalidlastname" time="11.123" classname="TestCases.SignupNG"/>
  <testcase name="invalidemailformat" time="12.271" classname="TestCases.SignupNG"/>
  <testcase name="acceptterms" time="11.265" classname="TestCases.SignupNG"/>
  <testcase name="invalidfristname" time="12.705" classname="TestCases.SignupNG"/>
  <testcase name="blankemail" time="11.474" classname="TestCases.SignupNG"/>
</testsuite> <!-- TestCases.SignupNG -->
