<?xml version="1.0" encoding="UTF-8"?>
<!-- Generated by org.testng.reporters.JUnitReportReporter -->
<testsuite hostname="anujchauhan" name="TestCases.AddPost" tests="1" failures="0" timestamp="7 Oct 2016 08:17:37 GMT" time="73.366" errors="0">
  <testcase name="contentlinkimage" time="73.366" classname="TestCases.AddPost"/>
</testsuite> <!-- TestCases.AddPost -->
