<?xml version="1.0" encoding="UTF-8"?>
<!-- Generated by org.testng.reporters.JUnitReportReporter -->
<testsuite hostname="anujchauhan" name="TestCases.addProjectNG" tests="2" failures="0" timestamp="5 Oct 2016 07:47:19 GMT" time="122.361" errors="0">
  <testcase name="addProjectWithFile" time="93.287" classname="TestCases.addProjectNG"/>
  <testcase name="addProjectWithFile" time="29.074" classname="TestCases.addProjectNG"/>
</testsuite> <!-- TestCases.addProjectNG -->
